<?xml version="1.0" encoding="UTF-8"?>
<testng-results skipped="0" failed="0" ignored="0" total="1" passed="1">
  <reporter-output>
    <line>
      <![CDATA[STEP - *** Test Suite Default test started ***]]>
    </line>
    <line>
      <![CDATA[STEP - *** Running test method testCreateEditAndDeleteSiteType...]]>
    </line>
    <line>
      <![CDATA[TestNumber - TC_10]]>
    </line>
    <line>
      <![CDATA[Coverage - Verifies that Tier1 User can create, edit and delete site type from site type section.]]>
    </line>
    <line>
      <![CDATA[CreateDate - 27/09/2021]]>
    </line>
    <line>
      <![CDATA[STEP - Launch Browser Successfully...]]>
    </line>
    <line>
      <![CDATA[STEP - Navigate to WMS Website Home Page]]>
    </line>
    <line>
      <![CDATA[Verified - WMS Website Opened Successfully...]]>
    </line>
    <line>
      <![CDATA[Verified - Login Page is Displayed]]>
    </line>
    <line>
      <![CDATA[STEP - Enter Valid Username, Password and Sign In]]>
    </line>
    <line>
      <![CDATA[STEP - Set - abhijeet@elsner.in]]>
    </line>
    <line>
      <![CDATA[STEP - Set - Test@123]]>
    </line>
    <line>
      <![CDATA[STEP - Click - Sign In]]>
    </line>
    <line>
      <![CDATA[Verified - Welcome Automation User! - Welcome Message is Displayed]]>
    </line>
    <line>
      <![CDATA[STEP - Go to SITE TYPE Section]]>
    </line>
    <line>
      <![CDATA[STEP - Open SITE TYPE Section]]>
    </line>
    <line>
      <![CDATA[STEP - Click - SITE TYPE]]>
    </line>
    <line>
      <![CDATA[STEP - Open Site Type List Section]]>
    </line>
    <line>
      <![CDATA[STEP - Click - Site Type List]]>
    </line>
    <line>
      <![CDATA[Verified - Site Type List is Displayed]]>
    </line>
    <line>
      <![CDATA[STEP - Add Site Type]]>
    </line>
    <line>
      <![CDATA[STEP - Click - Add Site Type]]>
    </line>
    <line>
      <![CDATA[Verified - CREATE NEW SITE Page is Displayed]]>
    </line>
    <line>
      <![CDATA[STEP - Create Site Type with Blank Data]]>
    </line>
    <line>
      <![CDATA[STEP - Click - Submit]]>
    </line>
    <line>
      <![CDATA[Verified - Please enter Site Type! - Message is Displayed]]>
    </line>
    <line>
      <![CDATA[STEP - Click - Cancel]]>
    </line>
    <line>
      <![CDATA[Verified - Site Type List is Displayed]]>
    </line>
    <line>
      <![CDATA[STEP - Create Site Type with Valid Data]]>
    </line>
    <line>
      <![CDATA[STEP - Click - Add Site Type]]>
    </line>
    <line>
      <![CDATA[STEP - Set - SiteType_0927135341935]]>
    </line>
    <line>
      <![CDATA[STEP - Click - Submit]]>
    </line>
    <line>
      <![CDATA[Verified - Site Type List is Displayed]]>
    </line>
    <line>
      <![CDATA[STEP - Validate newly created company]]>
    </line>
    <line>
      <![CDATA[STEP - Searching data using seach text as SiteType_0927135341935]]>
    </line>
    <line>
      <![CDATA[STEP - Set - SiteType_0927135341935]]>
    </line>
    <line>
      <![CDATA[STEP - Click - ]]>
    </line>
    <line>
      <![CDATA[Verified - SiteType_0927135341935 is Displayed]]>
    </line>
    <line>
      <![CDATA[Verified - Automation User is Displayed]]>
    </line>
    <line>
      <![CDATA[STEP - Edit Site Type]]>
    </line>
    <line>
      <![CDATA[STEP - Click - ]]>
    </line>
    <line>
      <![CDATA[STEP - Set - Edited_0927135351456]]>
    </line>
    <line>
      <![CDATA[STEP - Click - Submit]]>
    </line>
    <line>
      <![CDATA[STEP - Validate newly created Site Type]]>
    </line>
    <line>
      <![CDATA[STEP - Searching data using seach text as Edited_0927135351456]]>
    </line>
    <line>
      <![CDATA[STEP - Set - Edited_0927135351456]]>
    </line>
    <line>
      <![CDATA[STEP - Click - ]]>
    </line>
    <line>
      <![CDATA[Verified - Edited_0927135351456 is Displayed]]>
    </line>
    <line>
      <![CDATA[Verified - Automation User is Displayed]]>
    </line>
    <line>
      <![CDATA[STEP - Delete newly created Site Type]]>
    </line>
    <line>
      <![CDATA[STEP - Click - ]]>
    </line>
    <line>
      <![CDATA[STEP - Click - Yes]]>
    </line>
    <line>
      <![CDATA[STEP - Searching data using seach text as Edited_0927135351456]]>
    </line>
    <line>
      <![CDATA[STEP - Set - Edited_0927135351456]]>
    </line>
    <line>
      <![CDATA[STEP - Click - ]]>
    </line>
    <line>
      <![CDATA[Verified - No Data Found Message is Displayed]]>
    </line>
    <line>
      <![CDATA[STEP - Searching data using seach text as SiteType_0927135341935]]>
    </line>
    <line>
      <![CDATA[STEP - Set - SiteType_0927135341935]]>
    </line>
    <line>
      <![CDATA[STEP - Click - ]]>
    </line>
    <line>
      <![CDATA[Verified - No Data Found Message is Displayed]]>
    </line>
    <line>
      <![CDATA[STEP - Closing Browser Successfully...]]>
    </line>
    <line>
      <![CDATA[STEP - *** Executed testCreateEditAndDeleteSiteType test successfully...]]>
    </line>
  </reporter-output>
  <suite name="TestSuite" duration-ms="70087" started-at="2021-09-27T13:53:06 IST" finished-at="2021-09-27T13:54:16 IST">
    <groups>
    </groups>
    <test name="Default test" duration-ms="70087" started-at="2021-09-27T13:53:06 IST" finished-at="2021-09-27T13:54:16 IST">
      <class name="tests.wms.DemoTest">
        <test-method status="PASS" signature="testCreateEditAndDeleteSiteType()[pri:0, instance:tests.wms.DemoTest@5bb21b69]" name="testCreateEditAndDeleteSiteType" duration-ms="70041" started-at="2021-09-27T13:53:06 IST" finished-at="2021-09-27T13:54:16 IST">
          <reporter-output>
            <line>
              <![CDATA[STEP - *** Running test method testCreateEditAndDeleteSiteType...]]>
            </line>
            <line>
              <![CDATA[TestNumber - TC_10]]>
            </line>
            <line>
              <![CDATA[Coverage - Verifies that Tier1 User can create, edit and delete site type from site type section.]]>
            </line>
            <line>
              <![CDATA[CreateDate - 27/09/2021]]>
            </line>
            <line>
              <![CDATA[STEP - Launch Browser Successfully...]]>
            </line>
            <line>
              <![CDATA[STEP - Navigate to WMS Website Home Page]]>
            </line>
            <line>
              <![CDATA[Verified - WMS Website Opened Successfully...]]>
            </line>
            <line>
              <![CDATA[Verified - Login Page is Displayed]]>
            </line>
            <line>
              <![CDATA[STEP - Enter Valid Username, Password and Sign In]]>
            </line>
            <line>
              <![CDATA[STEP - Set - abhijeet@elsner.in]]>
            </line>
            <line>
              <![CDATA[STEP - Set - Test@123]]>
            </line>
            <line>
              <![CDATA[STEP - Click - Sign In]]>
            </line>
            <line>
              <![CDATA[Verified - Welcome Automation User! - Welcome Message is Displayed]]>
            </line>
            <line>
              <![CDATA[STEP - Go to SITE TYPE Section]]>
            </line>
            <line>
              <![CDATA[STEP - Open SITE TYPE Section]]>
            </line>
            <line>
              <![CDATA[STEP - Click - SITE TYPE]]>
            </line>
            <line>
              <![CDATA[STEP - Open Site Type List Section]]>
            </line>
            <line>
              <![CDATA[STEP - Click - Site Type List]]>
            </line>
            <line>
              <![CDATA[Verified - Site Type List is Displayed]]>
            </line>
            <line>
              <![CDATA[STEP - Add Site Type]]>
            </line>
            <line>
              <![CDATA[STEP - Click - Add Site Type]]>
            </line>
            <line>
              <![CDATA[Verified - CREATE NEW SITE Page is Displayed]]>
            </line>
            <line>
              <![CDATA[STEP - Create Site Type with Blank Data]]>
            </line>
            <line>
              <![CDATA[STEP - Click - Submit]]>
            </line>
            <line>
              <![CDATA[Verified - Please enter Site Type! - Message is Displayed]]>
            </line>
            <line>
              <![CDATA[STEP - Click - Cancel]]>
            </line>
            <line>
              <![CDATA[Verified - Site Type List is Displayed]]>
            </line>
            <line>
              <![CDATA[STEP - Create Site Type with Valid Data]]>
            </line>
            <line>
              <![CDATA[STEP - Click - Add Site Type]]>
            </line>
            <line>
              <![CDATA[STEP - Set - SiteType_0927135341935]]>
            </line>
            <line>
              <![CDATA[STEP - Click - Submit]]>
            </line>
            <line>
              <![CDATA[Verified - Site Type List is Displayed]]>
            </line>
            <line>
              <![CDATA[STEP - Validate newly created company]]>
            </line>
            <line>
              <![CDATA[STEP - Searching data using seach text as SiteType_0927135341935]]>
            </line>
            <line>
              <![CDATA[STEP - Set - SiteType_0927135341935]]>
            </line>
            <line>
              <![CDATA[STEP - Click - ]]>
            </line>
            <line>
              <![CDATA[Verified - SiteType_0927135341935 is Displayed]]>
            </line>
            <line>
              <![CDATA[Verified - Automation User is Displayed]]>
            </line>
            <line>
              <![CDATA[STEP - Edit Site Type]]>
            </line>
            <line>
              <![CDATA[STEP - Click - ]]>
            </line>
            <line>
              <![CDATA[STEP - Set - Edited_0927135351456]]>
            </line>
            <line>
              <![CDATA[STEP - Click - Submit]]>
            </line>
            <line>
              <![CDATA[STEP - Validate newly created Site Type]]>
            </line>
            <line>
              <![CDATA[STEP - Searching data using seach text as Edited_0927135351456]]>
            </line>
            <line>
              <![CDATA[STEP - Set - Edited_0927135351456]]>
            </line>
            <line>
              <![CDATA[STEP - Click - ]]>
            </line>
            <line>
              <![CDATA[Verified - Edited_0927135351456 is Displayed]]>
            </line>
            <line>
              <![CDATA[Verified - Automation User is Displayed]]>
            </line>
            <line>
              <![CDATA[STEP - Delete newly created Site Type]]>
            </line>
            <line>
              <![CDATA[STEP - Click - ]]>
            </line>
            <line>
              <![CDATA[STEP - Click - Yes]]>
            </line>
            <line>
              <![CDATA[STEP - Searching data using seach text as Edited_0927135351456]]>
            </line>
            <line>
              <![CDATA[STEP - Set - Edited_0927135351456]]>
            </line>
            <line>
              <![CDATA[STEP - Click - ]]>
            </line>
            <line>
              <![CDATA[Verified - No Data Found Message is Displayed]]>
            </line>
            <line>
              <![CDATA[STEP - Searching data using seach text as SiteType_0927135341935]]>
            </line>
            <line>
              <![CDATA[STEP - Set - SiteType_0927135341935]]>
            </line>
            <line>
              <![CDATA[STEP - Click - ]]>
            </line>
            <line>
              <![CDATA[Verified - No Data Found Message is Displayed]]>
            </line>
            <line>
              <![CDATA[STEP - Closing Browser Successfully...]]>
            </line>
            <line>
              <![CDATA[STEP - *** Executed testCreateEditAndDeleteSiteType test successfully...]]>
            </line>
          </reporter-output>
        </test-method> <!-- testCreateEditAndDeleteSiteType -->
      </class> <!-- tests.wms.DemoTest -->
    </test> <!-- Default test -->
  </suite> <!-- TestSuite -->
</testng-results>
